2025-05-26 15:18:08 DEBUG    Using selector: EpollSelector
2025-05-26 15:18:08 DEBUG    Using MAVSDK commander as leader with address udp://:14540
2025-05-26 15:18:08 DEBUG    Using Olympe commander as follower with address 192.168.42.1
2025-05-26 15:18:08 DEBUG    [Olympe] Attempting to connect to 192.168.42.1 (Attempt 1/1)
2025-05-26 15:18:14 ERROR    '192.168.42.1' connection timed out
2025-05-26 15:18:14 DEBUG    [Olympe] Connection attempt 1 failed.
2025-05-26 15:18:16 ERROR    '192.168.42.1 connection retries failed
2025-05-26 15:18:16 ERROR    Error connecting to drones: [OLympe] Failed to connect to 192.168.42.1 after 1 attempts.
2025-05-26 15:18:16 INFO     Cleaning up resources...
2025-05-26 15:18:16 DEBUG    Cleanup completed.
2025-05-26 15:18:20 DEBUG    Using selector: EpollSelector
2025-05-26 15:18:20 DEBUG    Using MAVSDK commander as leader with address udp://:14540
2025-05-26 15:18:20 DEBUG    Using Olympe commander as follower with address 192.168.42.1
2025-05-26 15:18:20 DEBUG    [Olympe] Attempting to connect to 192.168.42.1 (Attempt 1/1)
2025-05-26 15:18:26 ERROR    '192.168.42.1' connection timed out
2025-05-26 15:18:26 DEBUG    [Olympe] Connection attempt 1 failed.
2025-05-26 15:18:28 ERROR    '192.168.42.1 connection retries failed
2025-05-26 15:18:28 ERROR    Error connecting to drones: [OLympe] Failed to connect to 192.168.42.1 after 1 attempts.
2025-05-26 15:18:28 INFO     Cleaning up resources...
2025-05-26 15:18:28 DEBUG    Cleanup completed.
2025-05-26 15:30:06 DEBUG    Using selector: EpollSelector
2025-05-26 15:30:06 DEBUG    Using MAVSDK commander as leader with address udp://:14540
2025-05-26 15:30:06 DEBUG    Using Olympe commander as follower with address 192.168.42.1
2025-05-26 15:30:06 DEBUG    [Olympe] Attempting to connect to 192.168.42.1 (Attempt 1/1)
2025-05-26 15:30:07 DEBUG    [Olympe] Connected to 192.168.42.1
2025-05-26 15:30:28 DEBUG    Preparing follower to be dropped from the leader drone...
2025-05-26 15:30:28 ERROR    [Olympe] Prepare for drop failed
2025-05-26 15:30:43 WARNING  
Received signal 2. Exiting gracefully...
2025-05-26 15:30:43 WARNING  
Ctrl-C detected. Exiting gracefully...
2025-05-26 15:30:43 INFO     Cleaning up resources...
2025-05-26 15:30:43 DEBUG    Cleanup completed.
2025-05-26 15:32:00 DEBUG    Using selector: EpollSelector
2025-05-26 15:32:00 DEBUG    Using MAVSDK commander as leader with address udp://:14540
2025-05-26 15:32:00 DEBUG    Using Olympe commander as follower with address 192.168.42.1
2025-05-26 15:32:00 DEBUG    [Olympe] Attempting to connect to 192.168.42.1 (Attempt 1/1)
2025-05-26 15:32:00 DEBUG    [Olympe] Connected to 192.168.42.1
2025-05-26 15:32:15 DEBUG    Preparing follower to be dropped from the leader drone...
2025-05-26 15:32:15 ERROR    [Olympe] Prepare for drop failed
2025-05-26 15:32:17 WARNING  
Received signal 2. Exiting gracefully...
2025-05-26 15:32:17 WARNING  
Ctrl-C detected. Exiting gracefully...
2025-05-26 15:32:17 INFO     Cleaning up resources...
2025-05-26 15:32:17 DEBUG    Cleanup completed.
2025-05-26 15:32:38 DEBUG    Using selector: EpollSelector
2025-05-26 15:32:38 DEBUG    Using MAVSDK commander as leader with address udp://:14540
2025-05-26 15:32:38 DEBUG    Using Olympe commander as follower with address 192.168.42.1
2025-05-26 15:32:38 DEBUG    [Olympe] Attempting to connect to 192.168.42.1 (Attempt 1/1)
2025-05-26 15:32:39 DEBUG    [Olympe] Connected to 192.168.42.1
2025-05-26 15:32:45 DEBUG    Preparing follower to be dropped from the leader drone...
2025-05-26 15:32:45 ERROR    [Olympe] Prepare for drop failed UserTakeOff() missing 1 required positional argument: 'state'
2025-05-26 15:32:48 WARNING  
Received signal 2. Exiting gracefully...
2025-05-26 15:32:48 WARNING  
Ctrl-C detected. Exiting gracefully...
2025-05-26 15:32:48 INFO     Cleaning up resources...
2025-05-26 15:32:48 DEBUG    Cleanup completed.
2025-05-26 15:33:40 DEBUG    Using selector: EpollSelector
2025-05-26 15:33:40 DEBUG    Using MAVSDK commander as leader with address udp://:14540
2025-05-26 15:33:40 DEBUG    Using Olympe commander as follower with address 192.168.42.1
2025-05-26 15:33:40 DEBUG    [Olympe] Attempting to connect to 192.168.42.1 (Attempt 1/1)
2025-05-26 15:33:40 DEBUG    [Olympe] Connected to 192.168.42.1
2025-05-26 15:33:50 DEBUG    Preparing follower to be dropped from the leader drone...
2025-05-26 15:34:01 WARNING  
Received signal 2. Exiting gracefully...
2025-05-26 15:34:01 WARNING  
Ctrl-C detected. Exiting gracefully...
2025-05-26 15:34:01 INFO     Cleaning up resources...
2025-05-26 15:34:01 DEBUG    Cleanup completed.
2025-05-26 15:34:05 DEBUG    Using selector: EpollSelector
2025-05-26 15:34:05 DEBUG    Using MAVSDK commander as leader with address udp://:14540
2025-05-26 15:34:05 DEBUG    Using Olympe commander as follower with address 192.168.42.1
2025-05-26 15:34:05 DEBUG    [Olympe] Attempting to connect to 192.168.42.1 (Attempt 1/1)
2025-05-26 15:34:06 DEBUG    [Olympe] Connected to 192.168.42.1
2025-05-26 15:34:08 DEBUG    Starting manual control loop...
2025-05-26 15:34:17 WARNING  
Received signal 2. Exiting gracefully...
2025-05-26 15:34:20 ERROR    [Olympe] Takeoff failed
2025-05-26 15:34:24 WARNING  
Received signal 2. Exiting gracefully...
2025-05-26 15:34:24 WARNING  
Ctrl-C detected. Exiting gracefully...
2025-05-26 15:34:24 INFO     Cleaning up resources...
2025-05-26 15:34:24 DEBUG    Cleanup completed.
2025-05-26 15:34:24 ERROR    [Olympe] Takeoff failed
2025-05-26 15:36:16 DEBUG    Using selector: EpollSelector
2025-05-26 15:36:16 DEBUG    Using MAVSDK commander as leader with address udp://:14540
2025-05-26 15:36:16 DEBUG    Using Olympe commander as follower with address 192.168.42.1
2025-05-26 15:36:16 DEBUG    [Olympe] Attempting to connect to 192.168.42.1 (Attempt 1/1)
2025-05-26 15:36:17 DEBUG    [Olympe] Connected to 192.168.42.1
2025-05-26 15:36:18 DEBUG    Starting manual control loop...
2025-05-26 15:36:23 INFO     [Olympe] Takeoff successful
2025-05-26 15:36:34 INFO     [Olympe] Landing successful
2025-05-26 15:36:41 WARNING  
Received signal 2. Exiting gracefully...
2025-05-26 15:37:15 DEBUG    Preparing follower to be dropped from the leader drone...
2025-05-26 15:37:15 ERROR    [Olympe] Prepare for drop failed 'function' object has no attribute 'success'
2025-05-26 15:37:31 WARNING  
Received signal 2. Exiting gracefully...
2025-05-26 15:37:31 WARNING  
Ctrl-C detected. Exiting gracefully...
2025-05-26 15:37:31 INFO     Cleaning up resources...
2025-05-26 15:37:31 DEBUG    Cleanup completed.
2025-05-26 15:37:36 DEBUG    Using selector: EpollSelector
2025-05-26 15:37:36 DEBUG    Using MAVSDK commander as leader with address udp://:14540
2025-05-26 15:37:36 DEBUG    Using Olympe commander as follower with address 192.168.42.1
2025-05-26 15:37:36 DEBUG    [Olympe] Attempting to connect to 192.168.42.1 (Attempt 1/1)
2025-05-26 15:37:37 DEBUG    [Olympe] Connected to 192.168.42.1
2025-05-26 15:37:39 DEBUG    Starting manual control loop...
2025-05-26 15:37:41 INFO     [Olympe] Takeoff successful
2025-05-26 15:37:46 INFO     [Olympe] Landing successful
2025-05-26 15:37:53 WARNING  
Received signal 2. Exiting gracefully...
2025-05-26 15:37:54 WARNING  
Received signal 2. Exiting gracefully...
2025-05-26 15:37:54 WARNING  
Ctrl-C detected. Exiting gracefully...
2025-05-26 15:37:54 INFO     Cleaning up resources...
2025-05-26 15:37:54 DEBUG    Cleanup completed.
2025-05-26 15:40:44 DEBUG    Using selector: EpollSelector
2025-05-26 15:40:44 DEBUG    Using MAVSDK commander as leader with address udp://:14540
2025-05-26 15:40:44 DEBUG    Using Olympe commander as follower with address 192.168.42.1
2025-05-26 15:40:44 DEBUG    [Olympe] Attempting to connect to 192.168.42.1 (Attempt 1/1)
2025-05-26 15:40:45 DEBUG    [Olympe] Connected to 192.168.42.1
2025-05-26 15:40:51 DEBUG    Preparing follower to be dropped from the leader drone...
2025-05-26 15:40:51 ERROR    [Olympe] Prepare for drop failed UserTakeOff() missing 1 required positional argument: 'state'
2025-05-26 15:40:56 WARNING  
Received signal 2. Exiting gracefully...
2025-05-26 15:40:56 WARNING  
Ctrl-C detected. Exiting gracefully...
2025-05-26 15:40:56 INFO     Cleaning up resources...
2025-05-26 15:40:56 DEBUG    Cleanup completed.
2025-05-26 15:41:05 DEBUG    Using selector: EpollSelector
2025-05-26 15:41:05 DEBUG    Using MAVSDK commander as leader with address udp://:14540
2025-05-26 15:41:05 DEBUG    Using Olympe commander as follower with address 192.168.42.1
2025-05-26 15:41:05 DEBUG    [Olympe] Attempting to connect to 192.168.42.1 (Attempt 1/1)
2025-05-26 15:41:06 DEBUG    [Olympe] Connected to 192.168.42.1
2025-05-26 15:41:09 DEBUG    Preparing follower to be dropped from the leader drone...
2025-05-26 15:41:09 ERROR    [Olympe] Prepare for drop failed UserTakeOff() missing 1 required positional argument: 'state'
2025-05-26 15:41:12 WARNING  
Received signal 2. Exiting gracefully...
2025-05-26 15:41:12 WARNING  
Ctrl-C detected. Exiting gracefully...
2025-05-26 15:41:12 INFO     Cleaning up resources...
2025-05-26 15:41:12 DEBUG    Cleanup completed.
2025-05-26 15:41:24 DEBUG    Using selector: EpollSelector
2025-05-26 15:41:24 DEBUG    Using MAVSDK commander as leader with address udp://:14540
2025-05-26 15:41:24 DEBUG    Using Olympe commander as follower with address 192.168.42.1
2025-05-26 15:41:24 DEBUG    [Olympe] Attempting to connect to 192.168.42.1 (Attempt 1/1)
2025-05-26 15:41:25 DEBUG    [Olympe] Connected to 192.168.42.1
2025-05-26 15:41:31 DEBUG    Preparing follower to be dropped from the leader drone...
2025-05-26 15:41:40 DEBUG    Starting manual control loop...
2025-05-26 15:41:42 INFO     [Olympe] Takeoff successful
2025-05-26 15:41:46 INFO     [Olympe] Landing successful
2025-05-26 15:41:58 INFO     [Olympe] Takeoff successful
2025-05-26 15:42:03 INFO     [Olympe] Landing successful
2025-05-26 15:42:09 WARNING  
Received signal 2. Exiting gracefully...
2025-05-26 15:42:16 DEBUG    Starting manual control loop...
2025-05-26 15:42:22 INFO     [Olympe] Takeoff successful
2025-05-26 15:42:30 INFO     [Olympe] Landing successful
2025-05-26 15:42:44 ERROR    [Olympe] Takeoff failed
2025-05-26 15:42:52 INFO     [Olympe] Takeoff successful
2025-05-26 15:42:55 INFO     [Olympe] Landing successful
2025-05-26 15:43:30 INFO     [Olympe] Landing successful
2025-05-26 15:43:44 WARNING  
Received signal 2. Exiting gracefully...
2025-05-26 15:43:45 WARNING  
Received signal 2. Exiting gracefully...
2025-05-26 15:43:45 WARNING  
Ctrl-C detected. Exiting gracefully...
2025-05-26 15:43:45 INFO     Cleaning up resources...
2025-05-26 15:43:45 DEBUG    Cleanup completed.
2025-05-26 15:53:29 DEBUG    Using selector: EpollSelector
2025-05-26 15:53:29 DEBUG    Using MAVSDK commander as leader with address udp://:14540
2025-05-26 15:53:29 DEBUG    Using Olympe commander as follower with address 192.168.42.1
2025-05-26 15:53:29 DEBUG    [Olympe] Attempting to connect to 192.168.42.1 (Attempt 1/3)
2025-05-26 15:53:35 WARNING  
Received signal 2. Exiting gracefully...
2025-05-26 15:53:35 WARNING  Program terminated by user.
2025-05-26 15:53:56 DEBUG    Using selector: EpollSelector
2025-05-26 15:53:56 DEBUG    Using MAVSDK commander as leader with address udp://:14540
2025-05-26 15:53:56 DEBUG    Using Olympe commander as follower with address 192.168.42.1
2025-05-26 15:53:56 DEBUG    [Olympe] Attempting to connect to 192.168.42.1 (Attempt 1/3)
2025-05-26 15:53:57 DEBUG    [Olympe] Connected to 192.168.42.1
2025-05-26 15:53:59 DEBUG    Starting manual control loop...
2025-05-26 15:54:15 ERROR    [Olympe] Prepare for drop failed UserTakeOff() missing 1 required positional argument: 'state'
2025-05-26 15:54:17 WARNING  
Received signal 2. Exiting gracefully...
2025-05-26 15:54:18 WARNING  
Received signal 2. Exiting gracefully...
2025-05-26 15:54:18 WARNING  
Ctrl-C detected. Exiting gracefully...
2025-05-26 15:54:18 INFO     Cleaning up resources...
2025-05-26 15:54:18 DEBUG    Cleanup completed.
2025-05-26 15:54:26 DEBUG    Using selector: EpollSelector
2025-05-26 15:54:26 DEBUG    Using MAVSDK commander as leader with address udp://:14540
2025-05-26 15:54:26 DEBUG    Using Olympe commander as follower with address 192.168.42.1
2025-05-26 15:54:26 DEBUG    [Olympe] Attempting to connect to 192.168.42.1 (Attempt 1/3)
2025-05-26 15:54:26 DEBUG    [Olympe] Connected to 192.168.42.1
2025-05-26 15:54:28 DEBUG    Starting manual control loop...
2025-05-26 15:54:37 INFO     [Olympe] Drone has been released
2025-05-26 15:55:02 INFO     [Olympe] Landing successful
2025-05-26 15:55:38 INFO     [Olympe] Drone has been released
2025-05-26 15:56:17 INFO     [Olympe] Landing successful
2025-05-26 15:56:23 WARNING  
Received signal 2. Exiting gracefully...
2025-05-26 15:56:32 ERROR    read(fd=45) err=110(Connection timed out)
2025-05-26 15:56:33 ERROR    read(fd=50) err=110(Connection timed out)
2025-05-26 15:56:33 WARNING  
Received signal 2. Exiting gracefully...
2025-05-26 15:56:33 WARNING  
Ctrl-C detected. Exiting gracefully...
2025-05-26 15:56:33 INFO     Cleaning up resources...
2025-05-26 15:56:33 DEBUG    Cleanup completed.
2025-06-11 13:52:28 DEBUG    Using selector: EpollSelector
2025-06-11 13:52:43 DEBUG    Using selector: EpollSelector
2025-06-11 13:52:43 DEBUG    Using MAVSDK commander as leader with address 127.0.0.1:14551
2025-06-11 13:52:43 DEBUG    Using Olympe commander as follower with address 192.168.42.1
2025-06-11 13:52:43 DEBUG    [Olympe] Attempting to connect to 192.168.42.1 (Attempt 1/3)
2025-06-11 13:52:49 ERROR    '192.168.42.1' connection timed out
2025-06-11 13:52:49 DEBUG    [Olympe] Connection attempt 1 failed.
2025-06-11 13:52:51 ERROR    '192.168.42.1 connection retries failed
2025-06-11 13:52:51 DEBUG    [Olympe] Attempting to connect to 192.168.42.1 (Attempt 2/3)
2025-06-11 13:52:54 WARNING  
Received signal 2. Exiting gracefully...
2025-06-11 13:52:54 WARNING  Program terminated by user.
2025-06-11 13:52:56 ERROR    '192.168.42.1 connection retries failed
2025-06-11 13:53:46 DEBUG    Using selector: EpollSelector
2025-06-11 13:53:46 DEBUG    Using MAVSDK commander as leader with address udp://:14551
2025-06-11 13:53:46 DEBUG    Using Olympe commander as follower with address 192.168.42.1
2025-06-11 13:53:46 ERROR    Error connecting to drones: 'MAVSDKCommander' object has no attribute 'connection_string'
2025-06-11 13:53:46 INFO     Cleaning up resources...
2025-06-11 13:53:46 DEBUG    Cleanup completed.
2025-06-13 13:54:13 DEBUG    Using selector: EpollSelector
2025-06-13 13:54:13 DEBUG    Using MAVSDK commander as leader with address udp://:14551
2025-06-13 13:54:13 DEBUG    Using Olympe commander as follower with address 192.168.42.1
2025-06-13 13:54:13 DEBUG    [Olympe] Attempting to connect to 192.168.42.1 (Attempt 1/3)
2025-06-13 13:54:14 WARNING  
Received signal 2. Exiting gracefully...
2025-06-13 13:54:14 WARNING  Program terminated by user.
2025-06-13 13:54:26 DEBUG    Using selector: EpollSelector
2025-06-13 13:54:26 DEBUG    Using MAVSDK commander as leader with address udp://:14551
2025-06-13 13:54:26 DEBUG    Using Olympe commander as follower with address 192.168.42.1
2025-06-13 13:54:26 DEBUG    [Olympe] Attempting to connect to 192.168.42.1 (Attempt 1/3)
2025-06-13 13:54:27 DEBUG    [Olympe] Connected to 192.168.42.1
2025-06-13 13:54:32 DEBUG    Starting manual control loop...
2025-06-13 13:54:47 ERROR    [Olympe] Takeoff failed
2025-06-13 13:54:57 ERROR    [Olympe] Takeoff failed
2025-06-13 13:55:01 WARNING  
Received signal 2. Exiting gracefully...
2025-06-13 13:55:04 WARNING  
Received signal 2. Exiting gracefully...
2025-06-13 13:55:04 WARNING  
Ctrl-C detected. Exiting gracefully...
2025-06-13 13:55:04 INFO     Cleaning up resources...
2025-06-13 13:55:04 DEBUG    Cleanup completed.
2025-06-13 13:55:04 ERROR    [Olympe] Landing failed
2025-06-13 13:55:11 DEBUG    Using selector: EpollSelector
2025-06-13 13:55:11 DEBUG    Using MAVSDK commander as leader with address udp://:14551
2025-06-13 13:55:11 DEBUG    Using Olympe commander as follower with address 192.168.42.1
2025-06-13 13:55:11 DEBUG    [Olympe] Attempting to connect to 192.168.42.1 (Attempt 1/3)
2025-06-13 13:55:11 DEBUG    [Olympe] Connected to 192.168.42.1
2025-06-13 13:55:13 DEBUG    Starting manual control loop...
2025-06-13 13:55:26 ERROR    [Olympe] Takeoff failed
2025-06-13 13:55:31 WARNING  
Received signal 2. Exiting gracefully...
2025-06-13 13:55:32 WARNING  
Received signal 2. Exiting gracefully...
2025-06-13 13:55:32 WARNING  
Ctrl-C detected. Exiting gracefully...
2025-06-13 13:55:32 INFO     Cleaning up resources...
2025-06-13 13:55:32 DEBUG    Cleanup completed.
2025-06-13 14:02:03 DEBUG    Using selector: EpollSelector
2025-06-13 14:02:03 DEBUG    Using MAVSDK commander as leader with address udp://:14551
2025-06-13 14:02:03 DEBUG    Using Olympe commander as follower with address 192.168.42.1
2025-06-13 14:02:03 DEBUG    [Olympe] Attempting to connect to 192.168.42.1 (Attempt 1/3)
2025-06-13 14:02:04 DEBUG    [Olympe] Connected to 192.168.42.1
2025-06-13 14:02:10 DEBUG    Starting manual control loop...
2025-06-13 14:02:22 ERROR    [Olympe] Takeoff failed : 
2025-06-13 14:02:32 WARNING  
Received signal 2. Exiting gracefully...
2025-06-13 14:02:33 WARNING  
Received signal 2. Exiting gracefully...
2025-06-13 14:02:33 WARNING  
Ctrl-C detected. Exiting gracefully...
2025-06-13 14:02:33 INFO     Cleaning up resources...
2025-06-13 14:02:33 DEBUG    Cleanup completed.
2025-06-13 14:35:33 DEBUG    Using selector: EpollSelector
2025-06-13 14:35:33 DEBUG    Using MAVSDK commander as leader with address udp://:14551
2025-06-13 14:35:33 DEBUG    Using Olympe commander as follower with address 192.168.42.1
2025-06-13 14:35:33 ERROR    Error connecting to drones: 'MAVSDKCommander' object has no attribute 'connection_string'
2025-06-13 14:35:33 INFO     Cleaning up resources...
2025-06-13 14:35:33 DEBUG    Cleanup completed.
2025-06-13 14:39:44 DEBUG    Using selector: EpollSelector
2025-06-13 14:39:44 DEBUG    Using MAVSDK commander as leader with address udp://:14551
2025-06-13 14:39:44 DEBUG    Using Olympe commander as follower with address 192.168.42.1
2025-06-13 14:39:44 DEBUG    Attempting to connect to drone at udp://:14551
2025-06-13 14:39:44 DEBUG    Connection attempt 1/3
2025-06-13 14:39:44 DEBUG    Waiting for mavsdk_server to be ready...
2025-06-13 14:39:44 DEBUG    [34m[02:39:44|Info ] [0mMAVSDK version: v2.12.10 (mavsdk_impl.cpp:26)
2025-06-13 14:39:45 DEBUG    Connected to mavsdk_server!
2025-06-13 14:39:45 ERROR    Connection attempt 1 failed: 'MAVSDKCommander' object has no attribute 'wait_for_connection'
2025-06-13 14:39:46 DEBUG    Connection attempt 2/3
2025-06-13 14:39:47 DEBUG    Waiting for mavsdk_server to be ready...
2025-06-13 14:39:47 DEBUG    [34m[02:39:47|Info ] [0mMAVSDK version: v2.12.10 (mavsdk_impl.cpp:26)
2025-06-13 14:39:48 DEBUG    Connected to mavsdk_server!
2025-06-13 14:39:48 ERROR    Connection attempt 2 failed: 'MAVSDKCommander' object has no attribute 'wait_for_connection'
2025-06-13 14:39:49 WARNING  
Received signal 2. Exiting gracefully...
2025-06-13 14:39:49 WARNING  Program terminated by user.
2025-06-13 14:40:36 DEBUG    Using selector: EpollSelector
2025-06-13 14:40:36 DEBUG    Using MAVSDK commander as leader with address udp://:14551
2025-06-13 14:40:36 DEBUG    Using Olympe commander as follower with address 192.168.42.1
2025-06-13 14:40:36 DEBUG    Attempting to connect to drone at udp://:14551
2025-06-13 14:40:36 DEBUG    Connection attempt 1/3
2025-06-13 14:40:36 DEBUG    Waiting for mavsdk_server to be ready...
2025-06-13 14:40:36 DEBUG    [34m[02:40:36|Info ] [0mMAVSDK version: v2.12.10 (mavsdk_impl.cpp:26)
2025-06-13 14:40:37 DEBUG    Connected to mavsdk_server!
2025-06-13 14:40:37 DEBUG    Connection attempt 2/3
2025-06-13 14:40:38 DEBUG    Waiting for mavsdk_server to be ready...
2025-06-13 14:40:38 DEBUG    [34m[02:40:38|Info ] [0mMAVSDK version: v2.12.10 (mavsdk_impl.cpp:26)
2025-06-13 14:40:39 DEBUG    Connected to mavsdk_server!
2025-06-13 14:40:39 DEBUG    Connection attempt 3/3
2025-06-13 14:40:40 DEBUG    Waiting for mavsdk_server to be ready...
2025-06-13 14:40:40 DEBUG    [34m[02:40:40|Info ] [0mMAVSDK version: v2.12.10 (mavsdk_impl.cpp:26)
2025-06-13 14:40:41 DEBUG    Connected to mavsdk_server!
2025-06-13 14:40:41 ERROR    Failed to connect after 3 attempts
2025-06-13 14:41:39 DEBUG    [34m[02:40:40|Info ] [0mNew system on: 127.0.0.1:59426 (with system ID: 51) (udp_connection.cpp:178)
2025-06-13 14:41:39 DEBUG    [32m[02:40:40|Debug] [0mNew system ID: 1 Comp ID: 1 (mavsdk_impl.cpp:750)
2025-06-13 14:41:39 DEBUG    [32m[02:40:40|Debug] [0mComponent Autopilot (1) added. (system_impl.cpp:366)
2025-06-13 14:41:39 DEBUG    [34m[02:40:40|Info ] [0mSystem discovered (connection_initiator.h:39)
2025-06-13 14:41:39 DEBUG    [34m[02:40:40|Info ] [0mServer started (grpc_server.cpp:169)
2025-06-13 14:41:39 DEBUG    [34m[02:40:40|Info ] [0mServer set to listen on 0.0.0.0:50051 (grpc_server.cpp:170)
2025-06-13 14:41:39 DEBUG    [33m[02:40:40|Warn ] [0mVehicle type changed (new type: 2, old type: 0) (system_impl.cpp:217)
2025-06-13 14:41:39 DEBUG    [32m[02:40:40|Debug] [0mDiscovered 1 component(s) (system_impl.cpp:509)
2025-06-13 14:41:39 DEBUG    [32m[02:41:08|Debug] [0mMAVLink: critical: PreArm: Hardware safety switch (system_impl.cpp:243)
2025-06-13 14:41:39 DEBUG    [32m[02:41:08|Debug] [0mMAVLink: critical: PreArm: Check mag field (xy diff:133>100) (system_impl.cpp:243)
2025-06-13 14:41:39 DEBUG    [32m[02:41:39|Debug] [0mMAVLink: critical: PreArm: Hardware safety switch (system_impl.cpp:243)
2025-06-13 14:43:59 WARNING  
Received signal 2. Exiting gracefully...
2025-06-13 14:43:59 WARNING  
Ctrl-C detected. Exiting gracefully...
2025-06-13 14:43:59 INFO     Cleaning up resources...
2025-06-13 14:43:59 DEBUG    Cleanup completed.
2025-06-13 14:43:59 DEBUG    [32m[02:41:39|Debug] [0mMAVLink: critical: PreArm: Check mag field (xy diff:134>100)
2025-06-13 14:44:04 DEBUG    Using selector: EpollSelector
2025-06-13 14:44:04 DEBUG    Using MAVSDK commander as leader with address udp://:14551
2025-06-13 14:44:04 DEBUG    Using Olympe commander as follower with address 192.168.42.1
2025-06-13 14:44:04 DEBUG    Attempting to connect to drone at udp://:14551
2025-06-13 14:44:04 DEBUG    Waiting for mavsdk_server to be ready...
2025-06-13 14:44:04 DEBUG    [34m[02:44:04|Info ] [0mMAVSDK version: v2.12.10 (mavsdk_impl.cpp:26)
2025-06-13 14:44:05 DEBUG    Connected to mavsdk_server!
2025-06-13 14:44:05 DEBUG    Connected to drone at udp://:14551
2025-06-13 14:44:05 DEBUG    -- Connected to drone!
2025-06-13 14:44:17 WARNING  
Received signal 2. Exiting gracefully...
2025-06-13 14:44:17 WARNING  
Ctrl-C detected. Exiting gracefully...
2025-06-13 14:44:17 INFO     Cleaning up resources...
2025-06-13 14:44:17 DEBUG    Cleanup completed.
2025-06-13 15:16:30 DEBUG    Using selector: EpollSelector
2025-06-13 15:16:30 DEBUG    Using MAVSDK commander as leader with address udp://:14551
2025-06-13 15:16:30 DEBUG    Using Olympe commander as follower with address 192.168.42.1
2025-06-13 15:16:30 DEBUG    [Olympe] Attempting to connect to 192.168.42.1 (Attempt 1/3)
2025-06-13 15:16:30 DEBUG    [Olympe] Connected to 192.168.42.1
2025-06-13 15:16:37 DEBUG    Starting manual control loop...
2025-06-13 15:16:50 ERROR    [Olympe] Takeoff failed : 
2025-06-13 15:17:04 WARNING  
Received signal 2. Exiting gracefully...
2025-06-13 15:17:27 DEBUG    takeoff_follower
2025-06-13 15:17:36 DEBUG    Starting manual control loop...
2025-06-13 15:17:46 WARNING  
Received signal 2. Exiting gracefully...
2025-06-13 15:17:47 ERROR    [Olympe] Landing failed
2025-06-13 15:17:58 WARNING  
Received signal 2. Exiting gracefully...
2025-06-13 15:17:58 WARNING  
Ctrl-C detected. Exiting gracefully...
2025-06-13 15:17:58 INFO     Cleaning up resources...
2025-06-13 15:17:58 DEBUG    Cleanup completed.
2025-06-13 15:18:21 DEBUG    Using selector: EpollSelector
2025-06-13 15:18:21 DEBUG    Using MAVSDK commander as leader with address udp://:14551
2025-06-13 15:18:21 DEBUG    Using Olympe commander as follower with address 192.168.42.1
2025-06-13 15:18:21 DEBUG    [Olympe] Attempting to connect to 192.168.42.1 (Attempt 1/3)
2025-06-13 15:18:21 DEBUG    [Olympe] Connected to 192.168.42.1
2025-06-13 15:18:33 ERROR    read(fd=47) err=110(Connection timed out)
2025-06-13 15:18:35 ERROR    read(fd=51) err=110(Connection timed out)
2025-06-13 15:18:38 ERROR    net Too many ping failures
2025-06-13 15:18:38 WARNING  
Received signal 2. Exiting gracefully...
2025-06-13 15:18:38 WARNING  
Ctrl-C detected. Exiting gracefully...
2025-06-13 15:18:38 INFO     Cleaning up resources...
2025-06-13 15:18:38 DEBUG    Cleanup completed.
2025-06-13 15:22:28 DEBUG    Using selector: EpollSelector
2025-06-13 15:22:28 DEBUG    Using MAVSDK commander as leader with address udp://:14551
2025-06-13 15:22:28 DEBUG    Using Olympe commander as follower with address 192.168.42.1
2025-06-13 15:22:28 DEBUG    [Olympe] Attempting to connect to 192.168.42.1 (Attempt 1/3)
2025-06-13 15:22:29 DEBUG    [Olympe] Connected to 192.168.42.1
2025-06-13 15:22:35 DEBUG    Starting manual control loop...
2025-06-13 15:22:40 INFO     [Olympe] Takeoff successful
2025-06-13 15:23:14 INFO     [Olympe] Landing successful
2025-06-13 15:23:22 WARNING  
Received signal 2. Exiting gracefully...
2025-06-13 15:23:23 WARNING  
Received signal 2. Exiting gracefully...
2025-06-13 15:23:23 WARNING  
Ctrl-C detected. Exiting gracefully...
2025-06-13 15:23:23 INFO     Cleaning up resources...
2025-06-13 15:23:23 DEBUG    Cleanup completed.
2025-06-13 15:29:12 DEBUG    Using selector: EpollSelector
2025-06-13 15:29:12 DEBUG    Using MAVSDK commander as leader with address udp://:14551
2025-06-13 15:29:12 DEBUG    Using Olympe commander as follower with address 192.168.42.1
2025-06-13 15:29:12 DEBUG    [Olympe] Attempting to connect to 192.168.42.1 (Attempt 1/3)
2025-06-13 15:29:12 DEBUG    [Olympe] Connected to 192.168.42.1
2025-06-13 15:29:32 DEBUG    Starting manual control loop...
2025-06-13 15:29:50 ERROR    [Olympe] Takeoff failed : 
2025-06-13 15:29:57 WARNING  
Received signal 2. Exiting gracefully...
2025-06-13 15:29:57 WARNING  
Received signal 2. Exiting gracefully...
2025-06-13 15:29:57 WARNING  
Ctrl-C detected. Exiting gracefully...
2025-06-13 15:29:57 INFO     Cleaning up resources...
2025-06-13 15:29:57 DEBUG    Cleanup completed.
2025-06-13 15:37:16 DEBUG    Using selector: EpollSelector
2025-06-13 15:37:16 DEBUG    Using MAVSDK commander as leader with address udp://:14551
2025-06-13 15:37:16 DEBUG    Using Olympe commander as follower with address 192.168.42.1
2025-06-13 15:37:16 DEBUG    [Olympe] Attempting to connect to 192.168.42.1 (Attempt 1/3)
2025-06-13 15:37:17 DEBUG    [Olympe] Connected to 192.168.42.1
2025-06-13 15:37:21 DEBUG    Starting manual control loop...
2025-06-13 15:37:57 ERROR    [Olympe] Dropping procedure timed out, canceling it
2025-06-13 15:38:26 WARNING  
Received signal 2. Exiting gracefully...
2025-06-13 15:38:42 WARNING  
Received signal 2. Exiting gracefully...
2025-06-13 15:38:42 WARNING  
Ctrl-C detected. Exiting gracefully...
2025-06-13 15:38:42 INFO     Cleaning up resources...
2025-06-13 15:38:42 DEBUG    Cleanup completed.
2025-06-13 15:39:54 DEBUG    Using selector: EpollSelector
2025-06-13 15:39:54 DEBUG    Using MAVSDK commander as leader with address udp://:14551
2025-06-13 15:39:54 DEBUG    Using Olympe commander as follower with address 192.168.42.1
2025-06-13 15:39:54 DEBUG    [Olympe] Attempting to connect to 192.168.42.1 (Attempt 1/3)
2025-06-13 15:39:55 DEBUG    [Olympe] Connected to 192.168.42.1
2025-06-13 15:39:56 WARNING  
Received signal 2. Exiting gracefully...
2025-06-13 15:39:56 WARNING  
Ctrl-C detected. Exiting gracefully...
2025-06-13 15:39:56 INFO     Cleaning up resources...
2025-06-13 15:39:56 DEBUG    Cleanup completed.
2025-06-13 16:08:31 DEBUG    Using selector: EpollSelector
2025-06-13 16:08:31 DEBUG    Using MAVSDK commander as leader with address udp://:14551
2025-06-13 16:08:31 DEBUG    Using Olympe commander as follower with address 192.168.42.1
2025-06-13 16:08:31 DEBUG    [Olympe] Attempting to connect to 192.168.42.1 (Attempt 1/3)
2025-06-13 16:08:32 DEBUG    [Olympe] Connected to 192.168.42.1
2025-06-13 16:10:03 DEBUG    Starting manual control loop...
2025-06-13 16:10:12 WARNING  
Received signal 2. Exiting gracefully...
2025-06-13 16:16:30 DEBUG    Starting manual control loop...
2025-06-13 16:16:48 WARNING  
Received signal 2. Exiting gracefully...
2025-06-13 16:16:50 WARNING  
Received signal 2. Exiting gracefully...
2025-06-13 16:16:50 WARNING  
Ctrl-C detected. Exiting gracefully...
2025-06-13 16:16:50 INFO     Cleaning up resources...
2025-06-13 16:16:50 DEBUG    Cleanup completed.
2025-06-13 16:16:54 DEBUG    Using selector: EpollSelector
2025-06-13 16:16:54 DEBUG    Using MAVSDK commander as leader with address udp://:14551
2025-06-13 16:16:54 DEBUG    Using Olympe commander as follower with address 192.168.42.1
2025-06-13 16:16:54 DEBUG    [Olympe] Attempting to connect to 192.168.42.1 (Attempt 1/3)
2025-06-13 16:16:55 DEBUG    [Olympe] Connected to 192.168.42.1
2025-06-13 16:16:58 DEBUG    Starting manual control loop...
2025-06-13 16:17:10 WARNING  
Received signal 2. Exiting gracefully...
2025-06-13 16:17:12 WARNING  
Received signal 2. Exiting gracefully...
2025-06-13 16:17:12 WARNING  
Ctrl-C detected. Exiting gracefully...
2025-06-13 16:17:12 INFO     Cleaning up resources...
2025-06-13 16:17:12 DEBUG    Cleanup completed.
2025-06-13 16:21:20 DEBUG    Using selector: EpollSelector
2025-06-13 16:21:20 DEBUG    Using MAVSDK commander as leader with address udp://:14551
2025-06-13 16:21:20 DEBUG    Using Olympe commander as follower with address 192.168.42.1
2025-06-13 16:21:20 DEBUG    [Olympe] Attempting to connect to 192.168.42.1 (Attempt 1/3)
2025-06-13 16:21:20 DEBUG    [Olympe] Connected to 192.168.42.1
2025-06-13 16:21:24 DEBUG    Starting manual control loop...
2025-06-13 16:21:39 WARNING  
Received signal 2. Exiting gracefully...
2025-06-13 16:21:44 DEBUG    Starting manual control loop...
2025-06-13 16:22:13 WARNING  
Received signal 2. Exiting gracefully...
2025-06-13 16:22:17 DEBUG    Starting manual control loop...
2025-06-13 16:22:50 WARNING  
Received signal 2. Exiting gracefully...
2025-06-13 16:22:56 DEBUG    takeoff_follower
2025-06-13 16:23:08 DEBUG    Preparing follower to be dropped from the leader drone...
2025-06-13 16:23:24 ERROR    [Olympe] Dropping procedure timed out, canceling it
2025-06-13 16:23:29 WARNING  
Received signal 2. Exiting gracefully...
2025-06-13 16:23:29 WARNING  
Ctrl-C detected. Exiting gracefully...
2025-06-13 16:23:29 INFO     Cleaning up resources...
2025-06-13 16:23:29 DEBUG    Cleanup completed.
2025-06-13 16:32:10 DEBUG    Using selector: EpollSelector
2025-06-13 16:32:10 ERROR    Unhandled exception: No drone specified
2025-06-13 16:32:58 DEBUG    Using selector: EpollSelector
2025-06-13 16:32:58 DEBUG    Using MAVSDK commander as leader with address None
2025-06-13 16:32:58 ERROR    Unhandled exception: 'NoneType' object has no attribute 'encode'
2025-06-13 16:34:46 DEBUG    Using selector: EpollSelector
2025-06-13 16:34:46 DEBUG    Using MAVSDK commander as leader with address udp://:14551
2025-06-13 16:34:46 DEBUG    Using Olympe commander as follower with address 192.168.42.1
2025-06-13 16:34:54 WARNING  
Received signal 2. Exiting gracefully...
2025-06-13 16:34:54 WARNING  
Ctrl-C detected. Exiting gracefully...
2025-06-13 16:34:54 INFO     Cleaning up resources...
2025-06-13 16:34:54 DEBUG    Cleanup completed.
2025-06-13 16:35:16 DEBUG    Using selector: EpollSelector
2025-06-13 16:35:16 DEBUG    Using MAVSDK commander as leader with address udp://:14551
2025-06-13 16:35:16 DEBUG    Using Olympe commander as follower with address 192.168.42.1
2025-06-13 16:35:41 DEBUG    Starting manual control loop...
2025-06-13 16:35:43 ERROR    [Olympe] Takeoff failed : 
2025-06-13 16:35:46 WARNING  
Received signal 2. Exiting gracefully...
2025-06-13 16:35:47 WARNING  
Received signal 2. Exiting gracefully...
2025-06-13 16:35:47 WARNING  
Ctrl-C detected. Exiting gracefully...
2025-06-13 16:35:47 INFO     Cleaning up resources...
2025-06-13 16:35:47 DEBUG    Cleanup completed.
2025-06-13 16:37:41 DEBUG    Using selector: EpollSelector
2025-06-13 16:37:41 DEBUG    Using MAVSDK commander as leader with address udp://:14551
2025-06-13 16:37:41 DEBUG    Using Olympe commander as follower with address 192.168.42.1
2025-06-13 16:37:41 DEBUG    Attempting to connect to drone at udp://:14551
2025-06-13 16:37:41 DEBUG    Waiting for mavsdk_server to be ready...
2025-06-13 16:37:41 DEBUG    [Olympe] Attempting to connect to 192.168.42.1 (Attempt 1/3)
2025-06-13 16:37:41 DEBUG    [34m[04:37:41|Info ] [0mMAVSDK version: v2.12.10 (mavsdk_impl.cpp:26)
2025-06-13 16:37:42 WARNING  
Received signal 2. Exiting gracefully...
2025-06-13 16:37:42 WARNING  Program terminated by user.
2025-06-13 16:37:43 ERROR    Task exception was never retrieved
future: <Task finished name='Task-1' coro=<run() done, defined at /home/theo/Developer/drone-coordination/src/main.py:109> exception=KeyboardInterrupt()>
Traceback (most recent call last):
  File "/home/theo/Developer/drone-coordination/src/main.py", line 166, in <module>
    asyncio.run(run())
  File "/home/theo/.local/share/uv/python/cpython-3.10.17-linux-x86_64-gnu/lib/python3.10/asyncio/runners.py", line 47, in run
    _cancel_all_tasks(loop)
  File "/home/theo/.local/share/uv/python/cpython-3.10.17-linux-x86_64-gnu/lib/python3.10/asyncio/runners.py", line 63, in _cancel_all_tasks
    loop.run_until_complete(tasks.gather(*to_cancel, return_exceptions=True))
  File "/home/theo/.local/share/uv/python/cpython-3.10.17-linux-x86_64-gnu/lib/python3.10/asyncio/base_events.py", line 636, in run_until_complete
    self.run_forever()
  File "/home/theo/.local/share/uv/python/cpython-3.10.17-linux-x86_64-gnu/lib/python3.10/asyncio/base_events.py", line 603, in run_forever
    self._run_once()
  File "/home/theo/.local/share/uv/python/cpython-3.10.17-linux-x86_64-gnu/lib/python3.10/asyncio/base_events.py", line 1909, in _run_once
    handle._run()
  File "/home/theo/.local/share/uv/python/cpython-3.10.17-linux-x86_64-gnu/lib/python3.10/asyncio/events.py", line 80, in _run
    self._context.run(self._callback, *self._args)
  File "/home/theo/Developer/drone-coordination/src/main.py", line 141, in run
    await task
  File "/home/theo/.local/share/uv/python/cpython-3.10.17-linux-x86_64-gnu/lib/python3.10/asyncio/runners.py", line 44, in run
    return loop.run_until_complete(main)
  File "/home/theo/.local/share/uv/python/cpython-3.10.17-linux-x86_64-gnu/lib/python3.10/asyncio/base_events.py", line 636, in run_until_complete
    self.run_forever()
  File "/home/theo/.local/share/uv/python/cpython-3.10.17-linux-x86_64-gnu/lib/python3.10/asyncio/base_events.py", line 603, in run_forever
    self._run_once()
  File "/home/theo/.local/share/uv/python/cpython-3.10.17-linux-x86_64-gnu/lib/python3.10/asyncio/base_events.py", line 1909, in _run_once
    handle._run()
  File "/home/theo/.local/share/uv/python/cpython-3.10.17-linux-x86_64-gnu/lib/python3.10/asyncio/events.py", line 80, in _run
    self._context.run(self._callback, *self._args)
  File "/home/theo/Developer/drone-coordination/src/commanders/olympe_commander.py", line 28, in connect
    if self.drone.connect():
  File "/home/theo/Developer/drone-coordination/.venv/lib/python3.10/site-packages/olympe/mixins/streaming.py", line 63, in connect
    if not super().connect(**kwds):
  File "/home/theo/Developer/drone-coordination/.venv/lib/python3.10/site-packages/olympe/arsdkng/controller.py", line 768, in connect
    connected_future.result_or_cancel(timeout=(timeout * retry))
  File "/home/theo/Developer/drone-coordination/.venv/lib/python3.10/site-packages/olympe/concurrent/future.py", line 206, in result_or_cancel
    return self.result(timeout=timeout)
  File "/home/theo/Developer/drone-coordination/.venv/lib/python3.10/site-packages/olympe/concurrent/future.py", line 202, in result
    return super().result(timeout=timeout)
  File "/home/theo/.local/share/uv/python/cpython-3.10.17-linux-x86_64-gnu/lib/python3.10/concurrent/futures/_base.py", line 453, in result
    self._condition.wait(timeout)
  File "/home/theo/.local/share/uv/python/cpython-3.10.17-linux-x86_64-gnu/lib/python3.10/threading.py", line 324, in wait
    gotit = waiter.acquire(True, timeout)
  File "/home/theo/Developer/drone-coordination/src/main.py", line 157, in signal_handler
    raise KeyboardInterrupt()
KeyboardInterrupt
